<?xml version="1.0" encoding="UTF-8"?>
<coverage generated="1639768402581" clover="3.2.0">
  <project timestamp="1639768402581" name="All files">
    <metrics statements="143" coveredstatements="98" conditionals="62" coveredconditionals="27" methods="37" coveredmethods="10" elements="242" coveredelements="135" complexity="0" loc="143" ncloc="143" packages="12" files="29" classes="29"/>
    <package name="assets">
      <metrics statements="4" coveredstatements="3" conditionals="0" coveredconditionals="0" methods="1" coveredmethods="0"/>
      <file name="theme.ts" path="/Users/macbook_pro/Documents/Projects/github-issue-tracker/GitHubIssueTracker/src/assets/theme.ts">
        <metrics statements="4" coveredstatements="3" conditionals="0" coveredconditionals="0" methods="1" coveredmethods="0"/>
        <line num="3" count="2" type="stmt"/>
        <line num="19" count="2" type="stmt"/>
        <line num="27" count="0" type="stmt"/>
        <line num="35" count="2" type="stmt"/>
      </file>
    </package>
    <package name="components">
      <metrics statements="13" coveredstatements="10" conditionals="12" coveredconditionals="6" methods="6" coveredmethods="3"/>
      <file name="Icons.tsx" path="/Users/macbook_pro/Documents/Projects/github-issue-tracker/GitHubIssueTracker/src/components/Icons.tsx">
        <metrics statements="13" coveredstatements="10" conditionals="12" coveredconditionals="6" methods="6" coveredmethods="3"/>
        <line num="7" count="2" type="stmt"/>
        <line num="9" count="2" type="stmt"/>
        <line num="12" count="1" type="stmt"/>
        <line num="14" count="2" type="stmt"/>
        <line num="17" count="0" type="stmt"/>
        <line num="19" count="2" type="stmt"/>
        <line num="22" count="0" type="stmt"/>
        <line num="24" count="2" type="stmt"/>
        <line num="27" count="0" type="stmt"/>
        <line num="29" count="2" type="stmt"/>
        <line num="32" count="1" type="stmt"/>
        <line num="34" count="2" type="stmt"/>
        <line num="37" count="1" type="stmt"/>
      </file>
      <file name="index.ts" path="/Users/macbook_pro/Documents/Projects/github-issue-tracker/GitHubIssueTracker/src/components/index.ts">
        <metrics statements="0" coveredstatements="0" conditionals="0" coveredconditionals="0" methods="0" coveredmethods="0"/>
      </file>
    </package>
    <package name="components.IssuesComponents">
      <metrics statements="53" coveredstatements="28" conditionals="29" coveredconditionals="10" methods="9" coveredmethods="1"/>
      <file name="issueListItemIcon.tsx" path="/Users/macbook_pro/Documents/Projects/github-issue-tracker/GitHubIssueTracker/src/components/IssuesComponents/issueListItemIcon.tsx">
        <metrics statements="10" coveredstatements="10" conditionals="10" coveredconditionals="10" methods="1" coveredmethods="1"/>
        <line num="12" count="2" type="stmt"/>
        <line num="19" count="6" type="cond" truecount="2" falsecount="0"/>
        <line num="20" count="3" type="cond" truecount="2" falsecount="0"/>
        <line num="21" count="1" type="stmt"/>
        <line num="23" count="2" type="stmt"/>
        <line num="25" count="3" type="cond" truecount="2" falsecount="0"/>
        <line num="26" count="2" type="cond" truecount="2" falsecount="0"/>
        <line num="27" count="1" type="stmt"/>
        <line num="29" count="1" type="stmt"/>
        <line num="31" count="1" type="stmt"/>
      </file>
      <file name="issueListView.tsx" path="/Users/macbook_pro/Documents/Projects/github-issue-tracker/GitHubIssueTracker/src/components/IssuesComponents/issueListView.tsx">
        <metrics statements="24" coveredstatements="6" conditionals="8" coveredconditionals="0" methods="5" coveredmethods="0"/>
        <line num="11" count="2" type="stmt"/>
        <line num="12" count="0" type="stmt"/>
        <line num="14" count="0" type="stmt"/>
        <line num="15" count="0" type="stmt"/>
        <line num="16" count="0" type="stmt"/>
        <line num="17" count="0" type="stmt"/>
        <line num="18" count="0" type="stmt"/>
        <line num="20" count="0" type="stmt"/>
        <line num="21" count="0" type="stmt"/>
        <line num="30" count="0" type="stmt"/>
        <line num="31" count="0" type="stmt"/>
        <line num="40" count="0" type="cond" truecount="0" falsecount="2"/>
        <line num="41" count="0" type="stmt"/>
        <line num="61" count="0" type="stmt"/>
        <line num="64" count="2" type="stmt"/>
        <line num="65" count="0" type="stmt"/>
        <line num="67" count="0" type="cond" truecount="0" falsecount="2"/>
        <line num="68" count="0" type="stmt"/>
        <line num="74" count="0" type="stmt"/>
        <line num="77" count="0" type="stmt"/>
        <line num="84" count="2" type="stmt"/>
        <line num="89" count="2" type="stmt"/>
        <line num="97" count="2" type="stmt"/>
        <line num="102" count="2" type="stmt"/>
      </file>
      <file name="issuesFilterButton.tsx" path="/Users/macbook_pro/Documents/Projects/github-issue-tracker/GitHubIssueTracker/src/components/IssuesComponents/issuesFilterButton.tsx">
        <metrics statements="6" coveredstatements="4" conditionals="9" coveredconditionals="0" methods="2" coveredmethods="0"/>
        <line num="4" count="2" type="stmt"/>
        <line num="19" count="0" type="stmt"/>
        <line num="31" count="2" type="stmt"/>
        <line num="37" count="2" type="stmt"/>
        <line num="45" count="2" type="stmt"/>
        <line num="47" count="0" type="cond" truecount="0" falsecount="2"/>
      </file>
      <file name="listItem.tsx" path="/Users/macbook_pro/Documents/Projects/github-issue-tracker/GitHubIssueTracker/src/components/IssuesComponents/listItem.tsx">
        <metrics statements="13" coveredstatements="8" conditionals="2" coveredconditionals="0" methods="1" coveredmethods="0"/>
        <line num="9" count="2" type="stmt"/>
        <line num="10" count="0" type="stmt"/>
        <line num="12" count="0" type="stmt"/>
        <line num="14" count="0" type="cond" truecount="0" falsecount="2"/>
        <line num="16" count="0" type="stmt"/>
        <line num="20" count="0" type="stmt"/>
        <line num="37" count="2" type="stmt"/>
        <line num="45" count="2" type="stmt"/>
        <line num="50" count="2" type="stmt"/>
        <line num="55" count="2" type="stmt"/>
        <line num="59" count="2" type="stmt"/>
        <line num="63" count="2" type="stmt"/>
        <line num="67" count="2" type="stmt"/>
      </file>
    </package>
    <package name="components.buttons">
      <metrics statements="16" coveredstatements="16" conditionals="11" coveredconditionals="11" methods="6" coveredmethods="6"/>
      <file name="BackButton.tsx" path="/Users/macbook_pro/Documents/Projects/github-issue-tracker/GitHubIssueTracker/src/components/buttons/BackButton.tsx">
        <metrics statements="3" coveredstatements="3" conditionals="1" coveredconditionals="1" methods="1" coveredmethods="1"/>
        <line num="10" count="2" type="stmt"/>
        <line num="14" count="1" type="stmt"/>
        <line num="25" count="2" type="stmt"/>
      </file>
      <file name="DefaultButton.tsx" path="/Users/macbook_pro/Documents/Projects/github-issue-tracker/GitHubIssueTracker/src/components/buttons/DefaultButton.tsx">
        <metrics statements="10" coveredstatements="10" conditionals="9" coveredconditionals="9" methods="4" coveredmethods="4"/>
        <line num="6" count="2" type="stmt"/>
        <line num="15" count="5" type="cond" truecount="2" falsecount="0"/>
        <line num="16" count="1" type="stmt"/>
        <line num="18" count="4" type="stmt"/>
        <line num="27" count="2" type="stmt"/>
        <line num="33" count="2" type="stmt"/>
        <line num="44" count="2" type="stmt"/>
        <line num="48" count="2" type="cond" truecount="2" falsecount="0"/>
        <line num="57" count="2" type="stmt"/>
        <line num="65" count="2" type="cond" truecount="2" falsecount="0"/>
      </file>
      <file name="NextButton.tsx" path="/Users/macbook_pro/Documents/Projects/github-issue-tracker/GitHubIssueTracker/src/components/buttons/NextButton.tsx">
        <metrics statements="3" coveredstatements="3" conditionals="1" coveredconditionals="1" methods="1" coveredmethods="1"/>
        <line num="10" count="2" type="stmt"/>
        <line num="14" count="1" type="stmt"/>
        <line num="25" count="2" type="stmt"/>
      </file>
    </package>
    <package name="components.messages">
      <metrics statements="15" coveredstatements="4" conditionals="9" coveredconditionals="0" methods="4" coveredmethods="0"/>
      <file name="ToastMessage.tsx" path="/Users/macbook_pro/Documents/Projects/github-issue-tracker/GitHubIssueTracker/src/components/messages/ToastMessage.tsx">
        <metrics statements="15" coveredstatements="4" conditionals="9" coveredconditionals="0" methods="4" coveredmethods="0"/>
        <line num="8" count="2" type="stmt"/>
        <line num="17" count="0" type="stmt"/>
        <line num="18" count="0" type="stmt"/>
        <line num="20" count="0" type="stmt"/>
        <line num="21" count="0" type="cond" truecount="0" falsecount="2"/>
        <line num="22" count="0" type="stmt"/>
        <line num="26" count="0" type="stmt"/>
        <line num="27" count="0" type="cond" truecount="0" falsecount="2"/>
        <line num="28" count="0" type="stmt"/>
        <line num="29" count="0" type="stmt"/>
        <line num="30" count="0" type="stmt"/>
        <line num="35" count="0" type="cond" truecount="0" falsecount="2"/>
        <line num="44" count="2" type="stmt"/>
        <line num="50" count="2" type="stmt"/>
        <line num="59" count="2" type="stmt"/>
      </file>
    </package>
    <package name="components.texts">
      <metrics statements="4" coveredstatements="3" conditionals="1" coveredconditionals="0" methods="1" coveredmethods="0"/>
      <file name="HeaderText.tsx" path="/Users/macbook_pro/Documents/Projects/github-issue-tracker/GitHubIssueTracker/src/components/texts/HeaderText.tsx">
        <metrics statements="4" coveredstatements="3" conditionals="1" coveredconditionals="0" methods="1" coveredmethods="0"/>
        <line num="5" count="2" type="stmt"/>
        <line num="12" count="0" type="stmt"/>
        <line num="17" count="2" type="stmt"/>
        <line num="24" count="2" type="stmt"/>
      </file>
    </package>
    <package name="state">
      <metrics statements="3" coveredstatements="3" conditionals="0" coveredconditionals="0" methods="0" coveredmethods="0"/>
      <file name="actions.ts" path="/Users/macbook_pro/Documents/Projects/github-issue-tracker/GitHubIssueTracker/src/state/actions.ts">
        <metrics statements="1" coveredstatements="1" conditionals="0" coveredconditionals="0" methods="0" coveredmethods="0"/>
        <line num="6" count="2" type="stmt"/>
      </file>
      <file name="constants.ts" path="/Users/macbook_pro/Documents/Projects/github-issue-tracker/GitHubIssueTracker/src/state/constants.ts">
        <metrics statements="1" coveredstatements="1" conditionals="0" coveredconditionals="0" methods="0" coveredmethods="0"/>
        <line num="6" count="2" type="stmt"/>
      </file>
      <file name="selectors.ts" path="/Users/macbook_pro/Documents/Projects/github-issue-tracker/GitHubIssueTracker/src/state/selectors.ts">
        <metrics statements="1" coveredstatements="1" conditionals="0" coveredconditionals="0" methods="0" coveredmethods="0"/>
        <line num="6" count="2" type="stmt"/>
      </file>
    </package>
    <package name="state.issues">
      <metrics statements="20" coveredstatements="17" conditionals="0" coveredconditionals="0" methods="6" coveredmethods="0"/>
      <file name="IssuesActions.ts" path="/Users/macbook_pro/Documents/Projects/github-issue-tracker/GitHubIssueTracker/src/state/issues/IssuesActions.ts">
        <metrics statements="10" coveredstatements="10" conditionals="0" coveredconditionals="0" methods="0" coveredmethods="0"/>
        <line num="6" count="2" type="stmt"/>
        <line num="10" count="2" type="stmt"/>
        <line num="12" count="2" type="stmt"/>
        <line num="16" count="2" type="stmt"/>
        <line num="20" count="2" type="stmt"/>
        <line num="24" count="2" type="stmt"/>
        <line num="28" count="2" type="stmt"/>
        <line num="32" count="2" type="stmt"/>
        <line num="36" count="2" type="stmt"/>
        <line num="40" count="2" type="stmt"/>
      </file>
      <file name="IssuesConstants.ts" path="/Users/macbook_pro/Documents/Projects/github-issue-tracker/GitHubIssueTracker/src/state/issues/IssuesConstants.ts">
        <metrics statements="1" coveredstatements="1" conditionals="0" coveredconditionals="0" methods="0" coveredmethods="0"/>
        <line num="1" count="2" type="stmt"/>
      </file>
      <file name="IssuesSelectors.ts" path="/Users/macbook_pro/Documents/Projects/github-issue-tracker/GitHubIssueTracker/src/state/issues/IssuesSelectors.ts">
        <metrics statements="9" coveredstatements="6" conditionals="0" coveredconditionals="0" methods="6" coveredmethods="0"/>
        <line num="3" count="2" type="stmt"/>
        <line num="5" count="2" type="stmt"/>
        <line num="7" count="2" type="stmt"/>
        <line num="8" count="0" type="stmt"/>
        <line num="10" count="2" type="stmt"/>
        <line num="11" count="0" type="stmt"/>
        <line num="13" count="2" type="stmt"/>
        <line num="14" count="0" type="stmt"/>
        <line num="16" count="2" type="stmt"/>
      </file>
    </package>
    <package name="state.messages">
      <metrics statements="4" coveredstatements="4" conditionals="0" coveredconditionals="0" methods="1" coveredmethods="0"/>
      <file name="MessagesActions.ts" path="/Users/macbook_pro/Documents/Projects/github-issue-tracker/GitHubIssueTracker/src/state/messages/MessagesActions.ts">
        <metrics statements="2" coveredstatements="2" conditionals="0" coveredconditionals="0" methods="0" coveredmethods="0"/>
        <line num="4" count="2" type="stmt"/>
        <line num="8" count="2" type="stmt"/>
      </file>
      <file name="MessagesConstants.ts" path="/Users/macbook_pro/Documents/Projects/github-issue-tracker/GitHubIssueTracker/src/state/messages/MessagesConstants.ts">
        <metrics statements="1" coveredstatements="1" conditionals="0" coveredconditionals="0" methods="0" coveredmethods="0"/>
        <line num="1" count="2" type="stmt"/>
      </file>
      <file name="MessagesSelectors.ts" path="/Users/macbook_pro/Documents/Projects/github-issue-tracker/GitHubIssueTracker/src/state/messages/MessagesSelectors.ts">
        <metrics statements="1" coveredstatements="1" conditionals="0" coveredconditionals="0" methods="1" coveredmethods="0"/>
        <line num="3" count="2" type="stmt"/>
      </file>
    </package>
    <package name="state.repo">
      <metrics statements="7" coveredstatements="7" conditionals="0" coveredconditionals="0" methods="2" coveredmethods="0"/>
      <file name="repoActions.ts" path="/Users/macbook_pro/Documents/Projects/github-issue-tracker/GitHubIssueTracker/src/state/repo/repoActions.ts">
        <metrics statements="4" coveredstatements="4" conditionals="0" coveredconditionals="0" methods="0" coveredmethods="0"/>
        <line num="4" count="2" type="stmt"/>
        <line num="6" count="2" type="stmt"/>
        <line num="8" count="2" type="stmt"/>
        <line num="10" count="2" type="stmt"/>
      </file>
      <file name="repoConstants.ts" path="/Users/macbook_pro/Documents/Projects/github-issue-tracker/GitHubIssueTracker/src/state/repo/repoConstants.ts">
        <metrics statements="1" coveredstatements="1" conditionals="0" coveredconditionals="0" methods="0" coveredmethods="0"/>
        <line num="1" count="2" type="stmt"/>
      </file>
      <file name="repoSelectors.ts" path="/Users/macbook_pro/Documents/Projects/github-issue-tracker/GitHubIssueTracker/src/state/repo/repoSelectors.ts">
        <metrics statements="2" coveredstatements="2" conditionals="0" coveredconditionals="0" methods="2" coveredmethods="0"/>
        <line num="3" count="2" type="stmt"/>
        <line num="5" count="2" type="stmt"/>
      </file>
    </package>
    <package name="state.ui">
      <metrics statements="4" coveredstatements="3" conditionals="0" coveredconditionals="0" methods="1" coveredmethods="0"/>
      <file name="UIActions.ts" path="/Users/macbook_pro/Documents/Projects/github-issue-tracker/GitHubIssueTracker/src/state/ui/UIActions.ts">
        <metrics statements="1" coveredstatements="1" conditionals="0" coveredconditionals="0" methods="0" coveredmethods="0"/>
        <line num="4" count="2" type="stmt"/>
      </file>
      <file name="UIConstants.ts" path="/Users/macbook_pro/Documents/Projects/github-issue-tracker/GitHubIssueTracker/src/state/ui/UIConstants.ts">
        <metrics statements="1" coveredstatements="1" conditionals="0" coveredconditionals="0" methods="0" coveredmethods="0"/>
        <line num="1" count="2" type="stmt"/>
      </file>
      <file name="UISelectors.ts" path="/Users/macbook_pro/Documents/Projects/github-issue-tracker/GitHubIssueTracker/src/state/ui/UISelectors.ts">
        <metrics statements="2" coveredstatements="1" conditionals="0" coveredconditionals="0" methods="1" coveredmethods="0"/>
        <line num="3" count="2" type="stmt"/>
        <line num="4" count="0" type="stmt"/>
      </file>
    </package>
    <package name="utils">
      <metrics statements="0" coveredstatements="0" conditionals="0" coveredconditionals="0" methods="0" coveredmethods="0"/>
      <file name="constants.ts" path="/Users/macbook_pro/Documents/Projects/github-issue-tracker/GitHubIssueTracker/src/utils/constants.ts">
        <metrics statements="0" coveredstatements="0" conditionals="0" coveredconditionals="0" methods="0" coveredmethods="0"/>
      </file>
      <file name="index.ts" path="/Users/macbook_pro/Documents/Projects/github-issue-tracker/GitHubIssueTracker/src/utils/index.ts">
        <metrics statements="0" coveredstatements="0" conditionals="0" coveredconditionals="0" methods="0" coveredmethods="0"/>
      </file>
    </package>
  </project>
</coverage>
