{"/Users/macbook_pro/Documents/Projects/github-issue-tracker/GitHubIssueTracker/src/assets/theme.ts": {"path":"/Users/macbook_pro/Documents/Projects/github-issue-tracker/GitHubIssueTracker/src/assets/theme.ts","statementMap":{"0":{"start":{"line":3,"column":44},"end":{"line":13,"column":1}},"1":{"start":{"line":19,"column":21},"end":{"line":33,"column":1}},"2":{"start":{"line":27,"column":45},"end":{"line":27,"column":71}},"3":{"start":{"line":35,"column":64},"end":{"line":38,"column":1}}},"fnMap":{"0":{"name":"(anonymous_0)","decl":{"start":{"line":27,"column":13},"end":{"line":27,"column":14}},"loc":{"start":{"line":27,"column":45},"end":{"line":27,"column":71}},"line":27}},"branchMap":{},"s":{"0":2,"1":2,"2":0,"3":2},"f":{"0":0},"b":{},"_coverageSchema":"1a1c01bbd47fc00a2c39e90264f33305004495a9","hash":"f06fcff3044028a81e3129799884fd63a68bbb5e"}
,"/Users/macbook_pro/Documents/Projects/github-issue-tracker/GitHubIssueTracker/src/components/Icons.tsx": {"path":"/Users/macbook_pro/Documents/Projects/github-issue-tracker/GitHubIssueTracker/src/components/Icons.tsx","statementMap":{"0":{"start":{"line":7,"column":24},"end":{"line":7,"column":26}},"1":{"start":{"line":9,"column":29},"end":{"line":12,"column":67}},"2":{"start":{"line":12,"column":6},"end":{"line":12,"column":67}},"3":{"start":{"line":14,"column":31},"end":{"line":17,"column":76}},"4":{"start":{"line":17,"column":6},"end":{"line":17,"column":76}},"5":{"start":{"line":19,"column":31},"end":{"line":22,"column":76}},"6":{"start":{"line":22,"column":6},"end":{"line":22,"column":76}},"7":{"start":{"line":24,"column":33},"end":{"line":27,"column":69}},"8":{"start":{"line":27,"column":6},"end":{"line":27,"column":69}},"9":{"start":{"line":29,"column":32},"end":{"line":32,"column":72}},"10":{"start":{"line":32,"column":6},"end":{"line":32,"column":72}},"11":{"start":{"line":34,"column":32},"end":{"line":37,"column":70}},"12":{"start":{"line":37,"column":6},"end":{"line":37,"column":70}}},"fnMap":{"0":{"name":"(anonymous_0)","decl":{"start":{"line":9,"column":29},"end":{"line":9,"column":30}},"loc":{"start":{"line":12,"column":6},"end":{"line":12,"column":67}},"line":12},"1":{"name":"(anonymous_1)","decl":{"start":{"line":14,"column":31},"end":{"line":14,"column":32}},"loc":{"start":{"line":17,"column":6},"end":{"line":17,"column":76}},"line":17},"2":{"name":"(anonymous_2)","decl":{"start":{"line":19,"column":31},"end":{"line":19,"column":32}},"loc":{"start":{"line":22,"column":6},"end":{"line":22,"column":76}},"line":22},"3":{"name":"(anonymous_3)","decl":{"start":{"line":24,"column":33},"end":{"line":24,"column":34}},"loc":{"start":{"line":27,"column":6},"end":{"line":27,"column":69}},"line":27},"4":{"name":"(anonymous_4)","decl":{"start":{"line":29,"column":32},"end":{"line":29,"column":33}},"loc":{"start":{"line":32,"column":6},"end":{"line":32,"column":72}},"line":32},"5":{"name":"(anonymous_5)","decl":{"start":{"line":34,"column":32},"end":{"line":34,"column":33}},"loc":{"start":{"line":37,"column":6},"end":{"line":37,"column":70}},"line":37}},"branchMap":{"0":{"loc":{"start":{"line":10,"column":2},"end":{"line":10,"column":24}},"type":"default-arg","locations":[{"start":{"line":10,"column":9},"end":{"line":10,"column":24}}],"line":10},"1":{"loc":{"start":{"line":11,"column":2},"end":{"line":11,"column":34}},"type":"default-arg","locations":[{"start":{"line":11,"column":10},"end":{"line":11,"column":34}}],"line":11},"2":{"loc":{"start":{"line":15,"column":2},"end":{"line":15,"column":24}},"type":"default-arg","locations":[{"start":{"line":15,"column":9},"end":{"line":15,"column":24}}],"line":15},"3":{"loc":{"start":{"line":16,"column":2},"end":{"line":16,"column":29}},"type":"default-arg","locations":[{"start":{"line":16,"column":10},"end":{"line":16,"column":29}}],"line":16},"4":{"loc":{"start":{"line":20,"column":2},"end":{"line":20,"column":24}},"type":"default-arg","locations":[{"start":{"line":20,"column":9},"end":{"line":20,"column":24}}],"line":20},"5":{"loc":{"start":{"line":21,"column":2},"end":{"line":21,"column":34}},"type":"default-arg","locations":[{"start":{"line":21,"column":10},"end":{"line":21,"column":34}}],"line":21},"6":{"loc":{"start":{"line":25,"column":2},"end":{"line":25,"column":24}},"type":"default-arg","locations":[{"start":{"line":25,"column":9},"end":{"line":25,"column":24}}],"line":25},"7":{"loc":{"start":{"line":26,"column":2},"end":{"line":26,"column":29}},"type":"default-arg","locations":[{"start":{"line":26,"column":10},"end":{"line":26,"column":29}}],"line":26},"8":{"loc":{"start":{"line":30,"column":2},"end":{"line":30,"column":24}},"type":"default-arg","locations":[{"start":{"line":30,"column":9},"end":{"line":30,"column":24}}],"line":30},"9":{"loc":{"start":{"line":31,"column":2},"end":{"line":31,"column":28}},"type":"default-arg","locations":[{"start":{"line":31,"column":10},"end":{"line":31,"column":28}}],"line":31},"10":{"loc":{"start":{"line":35,"column":2},"end":{"line":35,"column":24}},"type":"default-arg","locations":[{"start":{"line":35,"column":9},"end":{"line":35,"column":24}}],"line":35},"11":{"loc":{"start":{"line":36,"column":2},"end":{"line":36,"column":28}},"type":"default-arg","locations":[{"start":{"line":36,"column":10},"end":{"line":36,"column":28}}],"line":36}},"s":{"0":2,"1":2,"2":1,"3":2,"4":0,"5":2,"6":0,"7":2,"8":0,"9":2,"10":1,"11":2,"12":1},"f":{"0":1,"1":0,"2":0,"3":0,"4":1,"5":1},"b":{"0":[1],"1":[1],"2":[0],"3":[0],"4":[0],"5":[0],"6":[0],"7":[0],"8":[1],"9":[1],"10":[1],"11":[1]},"_coverageSchema":"1a1c01bbd47fc00a2c39e90264f33305004495a9","hash":"1be3a3a941d7dd2af829a864d893133b1d13487d"}
,"/Users/macbook_pro/Documents/Projects/github-issue-tracker/GitHubIssueTracker/src/components/index.ts": {"path":"/Users/macbook_pro/Documents/Projects/github-issue-tracker/GitHubIssueTracker/src/components/index.ts","statementMap":{},"fnMap":{},"branchMap":{},"s":{},"f":{},"b":{},"_coverageSchema":"1a1c01bbd47fc00a2c39e90264f33305004495a9","hash":"40ecef27d0b6b14ae4d27a2d63aff25819f394b6"}
,"/Users/macbook_pro/Documents/Projects/github-issue-tracker/GitHubIssueTracker/src/components/IssuesComponents/issueListItemIcon.tsx": {"path":"/Users/macbook_pro/Documents/Projects/github-issue-tracker/GitHubIssueTracker/src/components/IssuesComponents/issueListItemIcon.tsx","statementMap":{"0":{"start":{"line":12,"column":34},"end":{"line":32,"column":1}},"1":{"start":{"line":19,"column":2},"end":{"line":24,"column":3}},"2":{"start":{"line":20,"column":4},"end":{"line":22,"column":5}},"3":{"start":{"line":21,"column":6},"end":{"line":21,"column":33}},"4":{"start":{"line":23,"column":4},"end":{"line":23,"column":29}},"5":{"start":{"line":25,"column":2},"end":{"line":30,"column":3}},"6":{"start":{"line":26,"column":4},"end":{"line":28,"column":5}},"7":{"start":{"line":27,"column":6},"end":{"line":27,"column":35}},"8":{"start":{"line":29,"column":4},"end":{"line":29,"column":56}},"9":{"start":{"line":31,"column":2},"end":{"line":31,"column":29}}},"fnMap":{"0":{"name":"(anonymous_0)","decl":{"start":{"line":12,"column":34},"end":{"line":12,"column":35}},"loc":{"start":{"line":18,"column":6},"end":{"line":32,"column":1}},"line":18}},"branchMap":{"0":{"loc":{"start":{"line":13,"column":2},"end":{"line":13,"column":26}},"type":"default-arg","locations":[{"start":{"line":13,"column":10},"end":{"line":13,"column":26}}],"line":13},"1":{"loc":{"start":{"line":14,"column":2},"end":{"line":14,"column":21}},"type":"default-arg","locations":[{"start":{"line":14,"column":17},"end":{"line":14,"column":21}}],"line":14},"2":{"loc":{"start":{"line":19,"column":2},"end":{"line":24,"column":3}},"type":"if","locations":[{"start":{"line":19,"column":2},"end":{"line":24,"column":3}},{"start":{},"end":{}}],"line":19},"3":{"loc":{"start":{"line":20,"column":4},"end":{"line":22,"column":5}},"type":"if","locations":[{"start":{"line":20,"column":4},"end":{"line":22,"column":5}},{"start":{},"end":{}}],"line":20},"4":{"loc":{"start":{"line":25,"column":2},"end":{"line":30,"column":3}},"type":"if","locations":[{"start":{"line":25,"column":2},"end":{"line":30,"column":3}},{"start":{},"end":{}}],"line":25},"5":{"loc":{"start":{"line":26,"column":4},"end":{"line":28,"column":5}},"type":"if","locations":[{"start":{"line":26,"column":4},"end":{"line":28,"column":5}},{"start":{},"end":{}}],"line":26}},"s":{"0":2,"1":6,"2":3,"3":1,"4":2,"5":3,"6":2,"7":1,"8":1,"9":1},"f":{"0":6},"b":{"0":[1],"1":[3],"2":[3,3],"3":[1,2],"4":[2,1],"5":[1,1]},"_coverageSchema":"1a1c01bbd47fc00a2c39e90264f33305004495a9","hash":"660882d0dc9074c44db78731a63d420fcfc37e84"}
,"/Users/macbook_pro/Documents/Projects/github-issue-tracker/GitHubIssueTracker/src/components/IssuesComponents/issueListView.tsx": {"path":"/Users/macbook_pro/Documents/Projects/github-issue-tracker/GitHubIssueTracker/src/components/IssuesComponents/issueListView.tsx","statementMap":{"0":{"start":{"line":11,"column":23},"end":{"line":62,"column":1}},"1":{"start":{"line":12,"column":19},"end":{"line":12,"column":32}},"2":{"start":{"line":14,"column":15},"end":{"line":14,"column":54}},"3":{"start":{"line":15,"column":16},"end":{"line":15,"column":56}},"4":{"start":{"line":16,"column":28},"end":{"line":16,"column":78}},"5":{"start":{"line":17,"column":22},"end":{"line":17,"column":72}},"6":{"start":{"line":18,"column":22},"end":{"line":18,"column":72}},"7":{"start":{"line":20,"column":26},"end":{"line":28,"column":3}},"8":{"start":{"line":21,"column":4},"end":{"line":27,"column":6}},"9":{"start":{"line":30,"column":26},"end":{"line":38,"column":3}},"10":{"start":{"line":31,"column":4},"end":{"line":37,"column":6}},"11":{"start":{"line":40,"column":2},"end":{"line":60,"column":3}},"12":{"start":{"line":41,"column":4},"end":{"line":59,"column":6}},"13":{"start":{"line":61,"column":2},"end":{"line":61,"column":14}},"14":{"start":{"line":64,"column":25},"end":{"line":82,"column":1}},"15":{"start":{"line":65,"column":22},"end":{"line":65,"column":67}},"16":{"start":{"line":67,"column":2},"end":{"line":73,"column":3}},"17":{"start":{"line":68,"column":4},"end":{"line":72,"column":6}},"18":{"start":{"line":74,"column":2},"end":{"line":81,"column":4}},"19":{"start":{"line":77,"column":8},"end":{"line":77,"column":52}},"20":{"start":{"line":84,"column":33},"end":{"line":87,"column":1}},"21":{"start":{"line":89,"column":24},"end":{"line":95,"column":1}},"22":{"start":{"line":97,"column":17},"end":{"line":100,"column":1}},"23":{"start":{"line":102,"column":26},"end":{"line":104,"column":1}}},"fnMap":{"0":{"name":"(anonymous_0)","decl":{"start":{"line":11,"column":23},"end":{"line":11,"column":24}},"loc":{"start":{"line":11,"column":64},"end":{"line":62,"column":1}},"line":11},"1":{"name":"(anonymous_1)","decl":{"start":{"line":20,"column":26},"end":{"line":20,"column":27}},"loc":{"start":{"line":20,"column":32},"end":{"line":28,"column":3}},"line":20},"2":{"name":"(anonymous_2)","decl":{"start":{"line":30,"column":26},"end":{"line":30,"column":27}},"loc":{"start":{"line":30,"column":32},"end":{"line":38,"column":3}},"line":30},"3":{"name":"(anonymous_3)","decl":{"start":{"line":64,"column":25},"end":{"line":64,"column":26}},"loc":{"start":{"line":64,"column":46},"end":{"line":82,"column":1}},"line":64},"4":{"name":"(anonymous_4)","decl":{"start":{"line":76,"column":18},"end":{"line":76,"column":19}},"loc":{"start":{"line":77,"column":8},"end":{"line":77,"column":52}},"line":77}},"branchMap":{"0":{"loc":{"start":{"line":40,"column":2},"end":{"line":60,"column":3}},"type":"if","locations":[{"start":{"line":40,"column":2},"end":{"line":60,"column":3}},{"start":{},"end":{}}],"line":40},"1":{"loc":{"start":{"line":43,"column":9},"end":{"line":49,"column":9}},"type":"cond-expr","locations":[{"start":{"line":44,"column":10},"end":{"line":46,"column":30}},{"start":{"line":48,"column":10},"end":{"line":48,"column":31}}],"line":43},"2":{"loc":{"start":{"line":51,"column":9},"end":{"line":57,"column":9}},"type":"cond-expr","locations":[{"start":{"line":52,"column":10},"end":{"line":54,"column":30}},{"start":{"line":56,"column":10},"end":{"line":56,"column":31}}],"line":51},"3":{"loc":{"start":{"line":67,"column":2},"end":{"line":73,"column":3}},"type":"if","locations":[{"start":{"line":67,"column":2},"end":{"line":73,"column":3}},{"start":{},"end":{}}],"line":67}},"s":{"0":2,"1":0,"2":0,"3":0,"4":0,"5":0,"6":0,"7":0,"8":0,"9":0,"10":0,"11":0,"12":0,"13":0,"14":2,"15":0,"16":0,"17":0,"18":0,"19":0,"20":2,"21":2,"22":2,"23":2},"f":{"0":0,"1":0,"2":0,"3":0,"4":0},"b":{"0":[0,0],"1":[0,0],"2":[0,0],"3":[0,0]},"_coverageSchema":"1a1c01bbd47fc00a2c39e90264f33305004495a9","hash":"ac9327de13374283d43f5932826fd1f0b24d4813"}
,"/Users/macbook_pro/Documents/Projects/github-issue-tracker/GitHubIssueTracker/src/components/IssuesComponents/issuesFilterButton.tsx": {"path":"/Users/macbook_pro/Documents/Projects/github-issue-tracker/GitHubIssueTracker/src/components/IssuesComponents/issuesFilterButton.tsx","statementMap":{"0":{"start":{"line":4,"column":28},"end":{"line":29,"column":1}},"1":{"start":{"line":19,"column":2},"end":{"line":28,"column":4}},"2":{"start":{"line":31,"column":28},"end":{"line":35,"column":1}},"3":{"start":{"line":37,"column":26},"end":{"line":39,"column":1}},"4":{"start":{"line":45,"column":25},"end":{"line":49,"column":1}},"5":{"start":{"line":47,"column":4},"end":{"line":47,"column":53}}},"fnMap":{"0":{"name":"(anonymous_0)","decl":{"start":{"line":4,"column":28},"end":{"line":4,"column":29}},"loc":{"start":{"line":18,"column":6},"end":{"line":29,"column":1}},"line":18},"1":{"name":"(anonymous_1)","decl":{"start":{"line":46,"column":11},"end":{"line":46,"column":12}},"loc":{"start":{"line":47,"column":4},"end":{"line":47,"column":53}},"line":47}},"branchMap":{"0":{"loc":{"start":{"line":7,"column":2},"end":{"line":7,"column":11}},"type":"default-arg","locations":[{"start":{"line":7,"column":10},"end":{"line":7,"column":11}}],"line":7},"1":{"loc":{"start":{"line":9,"column":2},"end":{"line":9,"column":18}},"type":"default-arg","locations":[{"start":{"line":9,"column":13},"end":{"line":9,"column":18}}],"line":9},"2":{"loc":{"start":{"line":10,"column":2},"end":{"line":10,"column":18}},"type":"default-arg","locations":[{"start":{"line":10,"column":13},"end":{"line":10,"column":18}}],"line":10},"3":{"loc":{"start":{"line":21,"column":26},"end":{"line":21,"column":44}},"type":"cond-expr","locations":[{"start":{"line":21,"column":33},"end":{"line":21,"column":37}},{"start":{"line":21,"column":40},"end":{"line":21,"column":44}}],"line":21},"4":{"loc":{"start":{"line":25,"column":9},"end":{"line":25,"column":29}},"type":"cond-expr","locations":[{"start":{"line":25,"column":17},"end":{"line":25,"column":22}},{"start":{"line":25,"column":25},"end":{"line":25,"column":29}}],"line":25},"5":{"loc":{"start":{"line":47,"column":4},"end":{"line":47,"column":53}},"type":"cond-expr","locations":[{"start":{"line":47,"column":15},"end":{"line":47,"column":33}},{"start":{"line":47,"column":36},"end":{"line":47,"column":53}}],"line":47}},"s":{"0":2,"1":0,"2":2,"3":2,"4":2,"5":0},"f":{"0":0,"1":0},"b":{"0":[0],"1":[0],"2":[0],"3":[0,0],"4":[0,0],"5":[0,0]},"_coverageSchema":"1a1c01bbd47fc00a2c39e90264f33305004495a9","hash":"d3f74f03a03394bcfa3c162097aa65152b66d6cb"}
,"/Users/macbook_pro/Documents/Projects/github-issue-tracker/GitHubIssueTracker/src/components/IssuesComponents/listItem.tsx": {"path":"/Users/macbook_pro/Documents/Projects/github-issue-tracker/GitHubIssueTracker/src/components/IssuesComponents/listItem.tsx","statementMap":{"0":{"start":{"line":9,"column":30},"end":{"line":35,"column":1}},"1":{"start":{"line":10,"column":67},"end":{"line":10,"column":72}},"2":{"start":{"line":12,"column":31},"end":{"line":12,"column":35}},"3":{"start":{"line":14,"column":25},"end":{"line":14,"column":49}},"4":{"start":{"line":16,"column":23},"end":{"line":18,"column":4}},"5":{"start":{"line":20,"column":2},"end":{"line":34,"column":4}},"6":{"start":{"line":37,"column":18},"end":{"line":43,"column":1}},"7":{"start":{"line":45,"column":22},"end":{"line":48,"column":1}},"8":{"start":{"line":50,"column":19},"end":{"line":53,"column":1}},"9":{"start":{"line":55,"column":20},"end":{"line":57,"column":1}},"10":{"start":{"line":59,"column":17},"end":{"line":61,"column":1}},"11":{"start":{"line":63,"column":20},"end":{"line":65,"column":1}},"12":{"start":{"line":67,"column":20},"end":{"line":69,"column":1}}},"fnMap":{"0":{"name":"(anonymous_0)","decl":{"start":{"line":9,"column":30},"end":{"line":9,"column":31}},"loc":{"start":{"line":9,"column":63},"end":{"line":35,"column":1}},"line":9}},"branchMap":{"0":{"loc":{"start":{"line":14,"column":25},"end":{"line":14,"column":49}},"type":"binary-expr","locations":[{"start":{"line":14,"column":25},"end":{"line":14,"column":35}},{"start":{"line":14,"column":39},"end":{"line":14,"column":49}}],"line":14}},"s":{"0":2,"1":0,"2":0,"3":0,"4":0,"5":0,"6":2,"7":2,"8":2,"9":2,"10":2,"11":2,"12":2},"f":{"0":0},"b":{"0":[0,0]},"_coverageSchema":"1a1c01bbd47fc00a2c39e90264f33305004495a9","hash":"221324e35e5528dbcae09cecc0feaf0103e94573"}
,"/Users/macbook_pro/Documents/Projects/github-issue-tracker/GitHubIssueTracker/src/components/buttons/BackButton.tsx": {"path":"/Users/macbook_pro/Documents/Projects/github-issue-tracker/GitHubIssueTracker/src/components/buttons/BackButton.tsx","statementMap":{"0":{"start":{"line":10,"column":47},"end":{"line":19,"column":1}},"1":{"start":{"line":14,"column":2},"end":{"line":18,"column":4}},"2":{"start":{"line":25,"column":18},"end":{"line":30,"column":1}}},"fnMap":{"0":{"name":"(anonymous_0)","decl":{"start":{"line":10,"column":47},"end":{"line":10,"column":48}},"loc":{"start":{"line":13,"column":6},"end":{"line":19,"column":1}},"line":13}},"branchMap":{"0":{"loc":{"start":{"line":12,"column":2},"end":{"line":12,"column":18}},"type":"default-arg","locations":[{"start":{"line":12,"column":13},"end":{"line":12,"column":18}}],"line":12}},"s":{"0":2,"1":1,"2":2},"f":{"0":1},"b":{"0":[1]},"_coverageSchema":"1a1c01bbd47fc00a2c39e90264f33305004495a9","hash":"3d20ab88e91a429ee30008e624a002c495d10ebf"}
,"/Users/macbook_pro/Documents/Projects/github-issue-tracker/GitHubIssueTracker/src/components/buttons/DefaultButton.tsx": {"path":"/Users/macbook_pro/Documents/Projects/github-issue-tracker/GitHubIssueTracker/src/components/buttons/DefaultButton.tsx","statementMap":{"0":{"start":{"line":6,"column":29},"end":{"line":19,"column":1}},"1":{"start":{"line":15,"column":2},"end":{"line":17,"column":3}},"2":{"start":{"line":16,"column":4},"end":{"line":16,"column":33}},"3":{"start":{"line":18,"column":2},"end":{"line":18,"column":61}},"4":{"start":{"line":27,"column":53},"end":{"line":38,"column":1}},"5":{"start":{"line":33,"column":2},"end":{"line":37,"column":4}},"6":{"start":{"line":44,"column":26},"end":{"line":51,"column":1}},"7":{"start":{"line":48,"column":32},"end":{"line":48,"column":50}},"8":{"start":{"line":57,"column":18},"end":{"line":66,"column":1}},"9":{"start":{"line":65,"column":32},"end":{"line":65,"column":50}}},"fnMap":{"0":{"name":"(anonymous_0)","decl":{"start":{"line":6,"column":29},"end":{"line":6,"column":30}},"loc":{"start":{"line":14,"column":6},"end":{"line":19,"column":1}},"line":14},"1":{"name":"(anonymous_1)","decl":{"start":{"line":27,"column":53},"end":{"line":27,"column":54}},"loc":{"start":{"line":32,"column":6},"end":{"line":38,"column":1}},"line":32},"2":{"name":"(anonymous_2)","decl":{"start":{"line":48,"column":13},"end":{"line":48,"column":14}},"loc":{"start":{"line":48,"column":32},"end":{"line":48,"column":50}},"line":48},"3":{"name":"(anonymous_3)","decl":{"start":{"line":65,"column":13},"end":{"line":65,"column":14}},"loc":{"start":{"line":65,"column":32},"end":{"line":65,"column":50}},"line":65}},"branchMap":{"0":{"loc":{"start":{"line":15,"column":2},"end":{"line":17,"column":3}},"type":"if","locations":[{"start":{"line":15,"column":2},"end":{"line":17,"column":3}},{"start":{},"end":{}}],"line":15},"1":{"loc":{"start":{"line":29,"column":2},"end":{"line":29,"column":11}},"type":"default-arg","locations":[{"start":{"line":29,"column":9},"end":{"line":29,"column":11}}],"line":29},"2":{"loc":{"start":{"line":30,"column":2},"end":{"line":30,"column":18}},"type":"default-arg","locations":[{"start":{"line":30,"column":13},"end":{"line":30,"column":18}}],"line":30},"3":{"loc":{"start":{"line":31,"column":2},"end":{"line":31,"column":19}},"type":"default-arg","locations":[{"start":{"line":31,"column":14},"end":{"line":31,"column":19}}],"line":31},"4":{"loc":{"start":{"line":48,"column":32},"end":{"line":48,"column":50}},"type":"cond-expr","locations":[{"start":{"line":48,"column":43},"end":{"line":48,"column":46}},{"start":{"line":48,"column":49},"end":{"line":48,"column":50}}],"line":48},"5":{"loc":{"start":{"line":65,"column":32},"end":{"line":65,"column":50}},"type":"cond-expr","locations":[{"start":{"line":65,"column":43},"end":{"line":65,"column":46}},{"start":{"line":65,"column":49},"end":{"line":65,"column":50}}],"line":65}},"s":{"0":2,"1":5,"2":1,"3":4,"4":2,"5":2,"6":2,"7":2,"8":2,"9":2},"f":{"0":5,"1":2,"2":2,"3":2},"b":{"0":[1,4],"1":[2],"2":[1],"3":[2],"4":[1,1],"5":[1,1]},"_coverageSchema":"1a1c01bbd47fc00a2c39e90264f33305004495a9","hash":"12751d6935102ec1379a6cdf7522a9c7a0a08d76"}
,"/Users/macbook_pro/Documents/Projects/github-issue-tracker/GitHubIssueTracker/src/components/buttons/NextButton.tsx": {"path":"/Users/macbook_pro/Documents/Projects/github-issue-tracker/GitHubIssueTracker/src/components/buttons/NextButton.tsx","statementMap":{"0":{"start":{"line":10,"column":47},"end":{"line":19,"column":1}},"1":{"start":{"line":14,"column":2},"end":{"line":18,"column":4}},"2":{"start":{"line":25,"column":18},"end":{"line":30,"column":1}}},"fnMap":{"0":{"name":"(anonymous_0)","decl":{"start":{"line":10,"column":47},"end":{"line":10,"column":48}},"loc":{"start":{"line":13,"column":6},"end":{"line":19,"column":1}},"line":13}},"branchMap":{"0":{"loc":{"start":{"line":12,"column":2},"end":{"line":12,"column":18}},"type":"default-arg","locations":[{"start":{"line":12,"column":13},"end":{"line":12,"column":18}}],"line":12}},"s":{"0":2,"1":1,"2":2},"f":{"0":1},"b":{"0":[1]},"_coverageSchema":"1a1c01bbd47fc00a2c39e90264f33305004495a9","hash":"30ad88307e19dfec88c972f033aea771f2c16e7b"}
,"/Users/macbook_pro/Documents/Projects/github-issue-tracker/GitHubIssueTracker/src/components/messages/ToastMessage.tsx": {"path":"/Users/macbook_pro/Documents/Projects/github-issue-tracker/GitHubIssueTracker/src/components/messages/ToastMessage.tsx","statementMap":{"0":{"start":{"line":8,"column":28},"end":{"line":42,"column":1}},"1":{"start":{"line":17,"column":19},"end":{"line":17,"column":32}},"2":{"start":{"line":18,"column":36},"end":{"line":18,"column":50}},"3":{"start":{"line":20,"column":2},"end":{"line":24,"column":13}},"4":{"start":{"line":21,"column":4},"end":{"line":23,"column":5}},"5":{"start":{"line":22,"column":6},"end":{"line":22,"column":25}},"6":{"start":{"line":26,"column":2},"end":{"line":33,"column":49}},"7":{"start":{"line":27,"column":4},"end":{"line":32,"column":5}},"8":{"start":{"line":28,"column":6},"end":{"line":31,"column":21}},"9":{"start":{"line":29,"column":8},"end":{"line":29,"column":28}},"10":{"start":{"line":30,"column":8},"end":{"line":30,"column":54}},"11":{"start":{"line":35,"column":2},"end":{"line":41,"column":11}},"12":{"start":{"line":44,"column":24},"end":{"line":48,"column":1}},"13":{"start":{"line":50,"column":21},"end":{"line":57,"column":1}},"14":{"start":{"line":59,"column":18},"end":{"line":65,"column":1}}},"fnMap":{"0":{"name":"(anonymous_0)","decl":{"start":{"line":8,"column":28},"end":{"line":8,"column":29}},"loc":{"start":{"line":16,"column":6},"end":{"line":42,"column":1}},"line":16},"1":{"name":"(anonymous_1)","decl":{"start":{"line":20,"column":12},"end":{"line":20,"column":13}},"loc":{"start":{"line":20,"column":18},"end":{"line":24,"column":3}},"line":20},"2":{"name":"(anonymous_2)","decl":{"start":{"line":26,"column":12},"end":{"line":26,"column":13}},"loc":{"start":{"line":26,"column":18},"end":{"line":33,"column":3}},"line":26},"3":{"name":"(anonymous_3)","decl":{"start":{"line":28,"column":17},"end":{"line":28,"column":18}},"loc":{"start":{"line":28,"column":23},"end":{"line":31,"column":7}},"line":28}},"branchMap":{"0":{"loc":{"start":{"line":9,"column":2},"end":{"line":9,"column":17}},"type":"default-arg","locations":[{"start":{"line":9,"column":13},"end":{"line":9,"column":17}}],"line":9},"1":{"loc":{"start":{"line":10,"column":2},"end":{"line":10,"column":19}},"type":"default-arg","locations":[{"start":{"line":10,"column":15},"end":{"line":10,"column":19}}],"line":10},"2":{"loc":{"start":{"line":11,"column":2},"end":{"line":11,"column":14}},"type":"default-arg","locations":[{"start":{"line":11,"column":9},"end":{"line":11,"column":14}}],"line":11},"3":{"loc":{"start":{"line":21,"column":4},"end":{"line":23,"column":5}},"type":"if","locations":[{"start":{"line":21,"column":4},"end":{"line":23,"column":5}},{"start":{},"end":{}}],"line":21},"4":{"loc":{"start":{"line":27,"column":4},"end":{"line":32,"column":5}},"type":"if","locations":[{"start":{"line":27,"column":4},"end":{"line":32,"column":5}},{"start":{},"end":{}}],"line":27},"5":{"loc":{"start":{"line":35,"column":9},"end":{"line":41,"column":10}},"type":"cond-expr","locations":[{"start":{"line":36,"column":4},"end":{"line":40,"column":16}},{"start":{"line":41,"column":6},"end":{"line":41,"column":10}}],"line":35}},"s":{"0":2,"1":0,"2":0,"3":0,"4":0,"5":0,"6":0,"7":0,"8":0,"9":0,"10":0,"11":0,"12":2,"13":2,"14":2},"f":{"0":0,"1":0,"2":0,"3":0},"b":{"0":[0],"1":[0],"2":[0],"3":[0,0],"4":[0,0],"5":[0,0]},"_coverageSchema":"1a1c01bbd47fc00a2c39e90264f33305004495a9","hash":"0ad1348642095853b2a3ae561caa94ac9cef83ea"}
,"/Users/macbook_pro/Documents/Projects/github-issue-tracker/GitHubIssueTracker/src/components/texts/HeaderText.tsx": {"path":"/Users/macbook_pro/Documents/Projects/github-issue-tracker/GitHubIssueTracker/src/components/texts/HeaderText.tsx","statementMap":{"0":{"start":{"line":5,"column":26},"end":{"line":15,"column":1}},"1":{"start":{"line":12,"column":2},"end":{"line":14,"column":18}},"2":{"start":{"line":17,"column":25},"end":{"line":22,"column":1}},"3":{"start":{"line":24,"column":22},"end":{"line":26,"column":1}}},"fnMap":{"0":{"name":"(anonymous_0)","decl":{"start":{"line":5,"column":26},"end":{"line":5,"column":27}},"loc":{"start":{"line":12,"column":2},"end":{"line":14,"column":18}},"line":12}},"branchMap":{"0":{"loc":{"start":{"line":7,"column":2},"end":{"line":7,"column":19}},"type":"default-arg","locations":[{"start":{"line":7,"column":18},"end":{"line":7,"column":19}}],"line":7}},"s":{"0":2,"1":0,"2":2,"3":2},"f":{"0":0},"b":{"0":[0]},"_coverageSchema":"1a1c01bbd47fc00a2c39e90264f33305004495a9","hash":"b21d5033c156f7e783ffaa44adccf9e01534960b"}
,"/Users/macbook_pro/Documents/Projects/github-issue-tracker/GitHubIssueTracker/src/state/actions.ts": {"path":"/Users/macbook_pro/Documents/Projects/github-issue-tracker/GitHubIssueTracker/src/state/actions.ts","statementMap":{"0":{"start":{"line":6,"column":23},"end":{"line":11,"column":1}}},"fnMap":{},"branchMap":{},"s":{"0":2},"f":{},"b":{},"_coverageSchema":"1a1c01bbd47fc00a2c39e90264f33305004495a9","hash":"0d22052fbc42f955ba2fa96a020a3be4f463668a"}
,"/Users/macbook_pro/Documents/Projects/github-issue-tracker/GitHubIssueTracker/src/state/constants.ts": {"path":"/Users/macbook_pro/Documents/Projects/github-issue-tracker/GitHubIssueTracker/src/state/constants.ts","statementMap":{"0":{"start":{"line":6,"column":25},"end":{"line":11,"column":1}}},"fnMap":{},"branchMap":{},"s":{"0":2},"f":{},"b":{},"_coverageSchema":"1a1c01bbd47fc00a2c39e90264f33305004495a9","hash":"acb545238023633792b61043a1d5fcae15f71833"}
,"/Users/macbook_pro/Documents/Projects/github-issue-tracker/GitHubIssueTracker/src/state/selectors.ts": {"path":"/Users/macbook_pro/Documents/Projects/github-issue-tracker/GitHubIssueTracker/src/state/selectors.ts","statementMap":{"0":{"start":{"line":6,"column":25},"end":{"line":11,"column":1}}},"fnMap":{},"branchMap":{},"s":{"0":2},"f":{},"b":{},"_coverageSchema":"1a1c01bbd47fc00a2c39e90264f33305004495a9","hash":"742758be801581da9303bf0dee70ad87544e83b3"}
,"/Users/macbook_pro/Documents/Projects/github-issue-tracker/GitHubIssueTracker/src/state/issues/IssuesActions.ts": {"path":"/Users/macbook_pro/Documents/Projects/github-issue-tracker/GitHubIssueTracker/src/state/issues/IssuesActions.ts","statementMap":{"0":{"start":{"line":6,"column":29},"end":{"line":8,"column":1}},"1":{"start":{"line":10,"column":31},"end":{"line":10,"column":74}},"2":{"start":{"line":12,"column":29},"end":{"line":14,"column":1}},"3":{"start":{"line":16,"column":30},"end":{"line":18,"column":1}},"4":{"start":{"line":20,"column":36},"end":{"line":22,"column":1}},"5":{"start":{"line":24,"column":36},"end":{"line":26,"column":1}},"6":{"start":{"line":28,"column":46},"end":{"line":30,"column":1}},"7":{"start":{"line":32,"column":36},"end":{"line":34,"column":1}},"8":{"start":{"line":36,"column":38},"end":{"line":38,"column":1}},"9":{"start":{"line":40,"column":30},"end":{"line":40,"column":77}}},"fnMap":{},"branchMap":{},"s":{"0":2,"1":2,"2":2,"3":2,"4":2,"5":2,"6":2,"7":2,"8":2,"9":2},"f":{},"b":{},"_coverageSchema":"1a1c01bbd47fc00a2c39e90264f33305004495a9","hash":"f5d4f0b06421734ee7e6a90513a4b7618ed4a085"}
,"/Users/macbook_pro/Documents/Projects/github-issue-tracker/GitHubIssueTracker/src/state/issues/IssuesConstants.ts": {"path":"/Users/macbook_pro/Documents/Projects/github-issue-tracker/GitHubIssueTracker/src/state/issues/IssuesConstants.ts","statementMap":{"0":{"start":{"line":1,"column":31},"end":{"line":13,"column":1}}},"fnMap":{},"branchMap":{},"s":{"0":2},"f":{},"b":{},"_coverageSchema":"1a1c01bbd47fc00a2c39e90264f33305004495a9","hash":"0999b595cbe50021798630cd62b5c6150f71f5b6"}
,"/Users/macbook_pro/Documents/Projects/github-issue-tracker/GitHubIssueTracker/src/state/issues/IssuesSelectors.ts": {"path":"/Users/macbook_pro/Documents/Projects/github-issue-tracker/GitHubIssueTracker/src/state/issues/IssuesSelectors.ts","statementMap":{"0":{"start":{"line":3,"column":29},"end":{"line":3,"column":71}},"1":{"start":{"line":3,"column":51},"end":{"line":3,"column":71}},"2":{"start":{"line":5,"column":30},"end":{"line":5,"column":77}},"3":{"start":{"line":5,"column":52},"end":{"line":5,"column":77}},"4":{"start":{"line":7,"column":36},"end":{"line":8,"column":33}},"5":{"start":{"line":8,"column":2},"end":{"line":8,"column":33}},"6":{"start":{"line":10,"column":36},"end":{"line":11,"column":33}},"7":{"start":{"line":11,"column":2},"end":{"line":11,"column":33}},"8":{"start":{"line":13,"column":36},"end":{"line":14,"column":33}},"9":{"start":{"line":14,"column":2},"end":{"line":14,"column":33}},"10":{"start":{"line":16,"column":30},"end":{"line":16,"column":71}},"11":{"start":{"line":16,"column":52},"end":{"line":16,"column":71}}},"fnMap":{"0":{"name":"(anonymous_0)","decl":{"start":{"line":3,"column":29},"end":{"line":3,"column":30}},"loc":{"start":{"line":3,"column":51},"end":{"line":3,"column":71}},"line":3},"1":{"name":"(anonymous_1)","decl":{"start":{"line":5,"column":30},"end":{"line":5,"column":31}},"loc":{"start":{"line":5,"column":52},"end":{"line":5,"column":77}},"line":5},"2":{"name":"(anonymous_2)","decl":{"start":{"line":7,"column":36},"end":{"line":7,"column":37}},"loc":{"start":{"line":8,"column":2},"end":{"line":8,"column":33}},"line":8},"3":{"name":"(anonymous_3)","decl":{"start":{"line":10,"column":36},"end":{"line":10,"column":37}},"loc":{"start":{"line":11,"column":2},"end":{"line":11,"column":33}},"line":11},"4":{"name":"(anonymous_4)","decl":{"start":{"line":13,"column":36},"end":{"line":13,"column":37}},"loc":{"start":{"line":14,"column":2},"end":{"line":14,"column":33}},"line":14},"5":{"name":"(anonymous_5)","decl":{"start":{"line":16,"column":30},"end":{"line":16,"column":31}},"loc":{"start":{"line":16,"column":52},"end":{"line":16,"column":71}},"line":16}},"branchMap":{},"s":{"0":2,"1":0,"2":2,"3":0,"4":2,"5":0,"6":2,"7":0,"8":2,"9":0,"10":2,"11":0},"f":{"0":0,"1":0,"2":0,"3":0,"4":0,"5":0},"b":{},"_coverageSchema":"1a1c01bbd47fc00a2c39e90264f33305004495a9","hash":"630c78a24f4d002f5bc04540e939b3275d9f4fd7"}
,"/Users/macbook_pro/Documents/Projects/github-issue-tracker/GitHubIssueTracker/src/state/messages/MessagesActions.ts": {"path":"/Users/macbook_pro/Documents/Projects/github-issue-tracker/GitHubIssueTracker/src/state/messages/MessagesActions.ts","statementMap":{"0":{"start":{"line":4,"column":30},"end":{"line":6,"column":1}},"1":{"start":{"line":8,"column":32},"end":{"line":10,"column":1}}},"fnMap":{},"branchMap":{},"s":{"0":2,"1":2},"f":{},"b":{},"_coverageSchema":"1a1c01bbd47fc00a2c39e90264f33305004495a9","hash":"df80ea5b491ae5afd20d70578234bc0019907a16"}
,"/Users/macbook_pro/Documents/Projects/github-issue-tracker/GitHubIssueTracker/src/state/messages/MessagesConstants.ts": {"path":"/Users/macbook_pro/Documents/Projects/github-issue-tracker/GitHubIssueTracker/src/state/messages/MessagesConstants.ts","statementMap":{"0":{"start":{"line":1,"column":33},"end":{"line":4,"column":1}}},"fnMap":{},"branchMap":{},"s":{"0":2},"f":{},"b":{},"_coverageSchema":"1a1c01bbd47fc00a2c39e90264f33305004495a9","hash":"88cdef19e965e5ffa36b8f1cb770c04a38b64f1d"}
,"/Users/macbook_pro/Documents/Projects/github-issue-tracker/GitHubIssueTracker/src/state/messages/MessagesSelectors.ts": {"path":"/Users/macbook_pro/Documents/Projects/github-issue-tracker/GitHubIssueTracker/src/state/messages/MessagesSelectors.ts","statementMap":{"0":{"start":{"line":3,"column":30},"end":{"line":3,"column":72}},"1":{"start":{"line":3,"column":52},"end":{"line":3,"column":72}}},"fnMap":{"0":{"name":"(anonymous_0)","decl":{"start":{"line":3,"column":30},"end":{"line":3,"column":31}},"loc":{"start":{"line":3,"column":52},"end":{"line":3,"column":72}},"line":3}},"branchMap":{},"s":{"0":2,"1":0},"f":{"0":0},"b":{},"_coverageSchema":"1a1c01bbd47fc00a2c39e90264f33305004495a9","hash":"4200361fbcd39730656ce8503858c28e11415259"}
,"/Users/macbook_pro/Documents/Projects/github-issue-tracker/GitHubIssueTracker/src/state/repo/repoActions.ts": {"path":"/Users/macbook_pro/Documents/Projects/github-issue-tracker/GitHubIssueTracker/src/state/repo/repoActions.ts","statementMap":{"0":{"start":{"line":4,"column":28},"end":{"line":4,"column":79}},"1":{"start":{"line":6,"column":30},"end":{"line":6,"column":75}},"2":{"start":{"line":8,"column":27},"end":{"line":8,"column":77}},"3":{"start":{"line":10,"column":29},"end":{"line":10,"column":73}}},"fnMap":{},"branchMap":{},"s":{"0":2,"1":2,"2":2,"3":2},"f":{},"b":{},"_coverageSchema":"1a1c01bbd47fc00a2c39e90264f33305004495a9","hash":"79690bd18878c9d8cff02939afa774b12773d481"}
,"/Users/macbook_pro/Documents/Projects/github-issue-tracker/GitHubIssueTracker/src/state/repo/repoConstants.ts": {"path":"/Users/macbook_pro/Documents/Projects/github-issue-tracker/GitHubIssueTracker/src/state/repo/repoConstants.ts","statementMap":{"0":{"start":{"line":1,"column":29},"end":{"line":6,"column":1}}},"fnMap":{},"branchMap":{},"s":{"0":2},"f":{},"b":{},"_coverageSchema":"1a1c01bbd47fc00a2c39e90264f33305004495a9","hash":"3bc1e455b88e6f8deb0edd70c3b9ce9993f39458"}
,"/Users/macbook_pro/Documents/Projects/github-issue-tracker/GitHubIssueTracker/src/state/repo/repoSelectors.ts": {"path":"/Users/macbook_pro/Documents/Projects/github-issue-tracker/GitHubIssueTracker/src/state/repo/repoSelectors.ts","statementMap":{"0":{"start":{"line":3,"column":28},"end":{"line":3,"column":71}},"1":{"start":{"line":3,"column":50},"end":{"line":3,"column":71}},"2":{"start":{"line":5,"column":27},"end":{"line":5,"column":69}},"3":{"start":{"line":5,"column":49},"end":{"line":5,"column":69}}},"fnMap":{"0":{"name":"(anonymous_0)","decl":{"start":{"line":3,"column":28},"end":{"line":3,"column":29}},"loc":{"start":{"line":3,"column":50},"end":{"line":3,"column":71}},"line":3},"1":{"name":"(anonymous_1)","decl":{"start":{"line":5,"column":27},"end":{"line":5,"column":28}},"loc":{"start":{"line":5,"column":49},"end":{"line":5,"column":69}},"line":5}},"branchMap":{},"s":{"0":2,"1":0,"2":2,"3":0},"f":{"0":0,"1":0},"b":{},"_coverageSchema":"1a1c01bbd47fc00a2c39e90264f33305004495a9","hash":"3502a4af7b8976cdebdea6444a1aa66d62475751"}
,"/Users/macbook_pro/Documents/Projects/github-issue-tracker/GitHubIssueTracker/src/state/ui/UIActions.ts": {"path":"/Users/macbook_pro/Documents/Projects/github-issue-tracker/GitHubIssueTracker/src/state/ui/UIActions.ts","statementMap":{"0":{"start":{"line":4,"column":32},"end":{"line":6,"column":1}}},"fnMap":{},"branchMap":{},"s":{"0":2},"f":{},"b":{},"_coverageSchema":"1a1c01bbd47fc00a2c39e90264f33305004495a9","hash":"97397bba654c69603e18d5b209ecdcd63ae9aed4"}
,"/Users/macbook_pro/Documents/Projects/github-issue-tracker/GitHubIssueTracker/src/state/ui/UIConstants.ts": {"path":"/Users/macbook_pro/Documents/Projects/github-issue-tracker/GitHubIssueTracker/src/state/ui/UIConstants.ts","statementMap":{"0":{"start":{"line":1,"column":27},"end":{"line":3,"column":1}}},"fnMap":{},"branchMap":{},"s":{"0":2},"f":{},"b":{},"_coverageSchema":"1a1c01bbd47fc00a2c39e90264f33305004495a9","hash":"4a2e772a8f328bd0667d11949435010d0392dbd2"}
,"/Users/macbook_pro/Documents/Projects/github-issue-tracker/GitHubIssueTracker/src/state/ui/UISelectors.ts": {"path":"/Users/macbook_pro/Documents/Projects/github-issue-tracker/GitHubIssueTracker/src/state/ui/UISelectors.ts","statementMap":{"0":{"start":{"line":3,"column":35},"end":{"line":4,"column":27}},"1":{"start":{"line":4,"column":2},"end":{"line":4,"column":27}}},"fnMap":{"0":{"name":"(anonymous_0)","decl":{"start":{"line":3,"column":35},"end":{"line":3,"column":36}},"loc":{"start":{"line":4,"column":2},"end":{"line":4,"column":27}},"line":4}},"branchMap":{},"s":{"0":2,"1":0},"f":{"0":0},"b":{},"_coverageSchema":"1a1c01bbd47fc00a2c39e90264f33305004495a9","hash":"a45cd414745ead9ef5ba52097b0d24f0c6f4192d"}
,"/Users/macbook_pro/Documents/Projects/github-issue-tracker/GitHubIssueTracker/src/utils/constants.ts": {"path":"/Users/macbook_pro/Documents/Projects/github-issue-tracker/GitHubIssueTracker/src/utils/constants.ts","statementMap":{},"fnMap":{},"branchMap":{},"s":{},"f":{},"b":{},"_coverageSchema":"1a1c01bbd47fc00a2c39e90264f33305004495a9","hash":"6fd22b9c391bc839840099fff11535f3e84aad7a"}
,"/Users/macbook_pro/Documents/Projects/github-issue-tracker/GitHubIssueTracker/src/utils/index.ts": {"path":"/Users/macbook_pro/Documents/Projects/github-issue-tracker/GitHubIssueTracker/src/utils/index.ts","statementMap":{},"fnMap":{},"branchMap":{},"s":{},"f":{},"b":{},"_coverageSchema":"1a1c01bbd47fc00a2c39e90264f33305004495a9","hash":"6a79d9e63078324077011709583fb038707bec8b"}
}
