TN:
SF:src/assets/theme.ts
FN:27,(anonymous_0)
FNF:1
FNH:0
FNDA:0,(anonymous_0)
DA:3,2
DA:19,2
DA:27,0
DA:35,2
LF:4
LH:3
BRF:0
BRH:0
end_of_record
TN:
SF:src/components/Icons.tsx
FN:9,(anonymous_0)
FN:14,(anonymous_1)
FN:19,(anonymous_2)
FN:24,(anonymous_3)
FN:29,(anonymous_4)
FN:34,(anonymous_5)
FNF:6
FNH:3
FNDA:1,(anonymous_0)
FNDA:0,(anonymous_1)
FNDA:0,(anonymous_2)
FNDA:0,(anonymous_3)
FNDA:1,(anonymous_4)
FNDA:1,(anonymous_5)
DA:7,2
DA:9,2
DA:12,1
DA:14,2
DA:17,0
DA:19,2
DA:22,0
DA:24,2
DA:27,0
DA:29,2
DA:32,1
DA:34,2
DA:37,1
LF:13
LH:10
BRDA:10,0,0,1
BRDA:11,1,0,1
BRDA:15,2,0,0
BRDA:16,3,0,0
BRDA:20,4,0,0
BRDA:21,5,0,0
BRDA:25,6,0,0
BRDA:26,7,0,0
BRDA:30,8,0,1
BRDA:31,9,0,1
BRDA:35,10,0,1
BRDA:36,11,0,1
BRF:12
BRH:6
end_of_record
TN:
SF:src/components/index.ts
FNF:0
FNH:0
LF:0
LH:0
BRF:0
BRH:0
end_of_record
TN:
SF:src/components/IssuesComponents/issueListItemIcon.tsx
FN:12,(anonymous_0)
FNF:1
FNH:1
FNDA:6,(anonymous_0)
DA:12,2
DA:19,6
DA:20,3
DA:21,1
DA:23,2
DA:25,3
DA:26,2
DA:27,1
DA:29,1
DA:31,1
LF:10
LH:10
BRDA:13,0,0,1
BRDA:14,1,0,3
BRDA:19,2,0,3
BRDA:19,2,1,3
BRDA:20,3,0,1
BRDA:20,3,1,2
BRDA:25,4,0,2
BRDA:25,4,1,1
BRDA:26,5,0,1
BRDA:26,5,1,1
BRF:10
BRH:10
end_of_record
TN:
SF:src/components/IssuesComponents/issueListView.tsx
FN:11,(anonymous_0)
FN:20,(anonymous_1)
FN:30,(anonymous_2)
FN:64,(anonymous_3)
FN:76,(anonymous_4)
FNF:5
FNH:0
FNDA:0,(anonymous_0)
FNDA:0,(anonymous_1)
FNDA:0,(anonymous_2)
FNDA:0,(anonymous_3)
FNDA:0,(anonymous_4)
DA:11,2
DA:12,0
DA:14,0
DA:15,0
DA:16,0
DA:17,0
DA:18,0
DA:20,0
DA:21,0
DA:30,0
DA:31,0
DA:40,0
DA:41,0
DA:61,0
DA:64,2
DA:65,0
DA:67,0
DA:68,0
DA:74,0
DA:77,0
DA:84,2
DA:89,2
DA:97,2
DA:102,2
LF:24
LH:6
BRDA:40,0,0,0
BRDA:40,0,1,0
BRDA:43,1,0,0
BRDA:43,1,1,0
BRDA:51,2,0,0
BRDA:51,2,1,0
BRDA:67,3,0,0
BRDA:67,3,1,0
BRF:8
BRH:0
end_of_record
TN:
SF:src/components/IssuesComponents/issuesFilterButton.tsx
FN:4,(anonymous_0)
FN:46,(anonymous_1)
FNF:2
FNH:0
FNDA:0,(anonymous_0)
FNDA:0,(anonymous_1)
DA:4,2
DA:19,0
DA:31,2
DA:37,2
DA:45,2
DA:47,0
LF:6
LH:4
BRDA:7,0,0,0
BRDA:9,1,0,0
BRDA:10,2,0,0
BRDA:21,3,0,0
BRDA:21,3,1,0
BRDA:25,4,0,0
BRDA:25,4,1,0
BRDA:47,5,0,0
BRDA:47,5,1,0
BRF:9
BRH:0
end_of_record
TN:
SF:src/components/IssuesComponents/listItem.tsx
FN:9,(anonymous_0)
FNF:1
FNH:0
FNDA:0,(anonymous_0)
DA:9,2
DA:10,0
DA:12,0
DA:14,0
DA:16,0
DA:20,0
DA:37,2
DA:45,2
DA:50,2
DA:55,2
DA:59,2
DA:63,2
DA:67,2
LF:13
LH:8
BRDA:14,0,0,0
BRDA:14,0,1,0
BRF:2
BRH:0
end_of_record
TN:
SF:src/components/buttons/BackButton.tsx
FN:10,(anonymous_0)
FNF:1
FNH:1
FNDA:1,(anonymous_0)
DA:10,2
DA:14,1
DA:25,2
LF:3
LH:3
BRDA:12,0,0,1
BRF:1
BRH:1
end_of_record
TN:
SF:src/components/buttons/DefaultButton.tsx
FN:6,(anonymous_0)
FN:27,(anonymous_1)
FN:48,(anonymous_2)
FN:65,(anonymous_3)
FNF:4
FNH:4
FNDA:5,(anonymous_0)
FNDA:2,(anonymous_1)
FNDA:2,(anonymous_2)
FNDA:2,(anonymous_3)
DA:6,2
DA:15,5
DA:16,1
DA:18,4
DA:27,2
DA:33,2
DA:44,2
DA:48,2
DA:57,2
DA:65,2
LF:10
LH:10
BRDA:15,0,0,1
BRDA:15,0,1,4
BRDA:29,1,0,2
BRDA:30,2,0,1
BRDA:31,3,0,2
BRDA:48,4,0,1
BRDA:48,4,1,1
BRDA:65,5,0,1
BRDA:65,5,1,1
BRF:9
BRH:9
end_of_record
TN:
SF:src/components/buttons/NextButton.tsx
FN:10,(anonymous_0)
FNF:1
FNH:1
FNDA:1,(anonymous_0)
DA:10,2
DA:14,1
DA:25,2
LF:3
LH:3
BRDA:12,0,0,1
BRF:1
BRH:1
end_of_record
TN:
SF:src/components/messages/ToastMessage.tsx
FN:8,(anonymous_0)
FN:20,(anonymous_1)
FN:26,(anonymous_2)
FN:28,(anonymous_3)
FNF:4
FNH:0
FNDA:0,(anonymous_0)
FNDA:0,(anonymous_1)
FNDA:0,(anonymous_2)
FNDA:0,(anonymous_3)
DA:8,2
DA:17,0
DA:18,0
DA:20,0
DA:21,0
DA:22,0
DA:26,0
DA:27,0
DA:28,0
DA:29,0
DA:30,0
DA:35,0
DA:44,2
DA:50,2
DA:59,2
LF:15
LH:4
BRDA:9,0,0,0
BRDA:10,1,0,0
BRDA:11,2,0,0
BRDA:21,3,0,0
BRDA:21,3,1,0
BRDA:27,4,0,0
BRDA:27,4,1,0
BRDA:35,5,0,0
BRDA:35,5,1,0
BRF:9
BRH:0
end_of_record
TN:
SF:src/components/texts/HeaderText.tsx
FN:5,(anonymous_0)
FNF:1
FNH:0
FNDA:0,(anonymous_0)
DA:5,2
DA:12,0
DA:17,2
DA:24,2
LF:4
LH:3
BRDA:7,0,0,0
BRF:1
BRH:0
end_of_record
TN:
SF:src/state/actions.ts
FNF:0
FNH:0
DA:6,2
LF:1
LH:1
BRF:0
BRH:0
end_of_record
TN:
SF:src/state/constants.ts
FNF:0
FNH:0
DA:6,2
LF:1
LH:1
BRF:0
BRH:0
end_of_record
TN:
SF:src/state/selectors.ts
FNF:0
FNH:0
DA:6,2
LF:1
LH:1
BRF:0
BRH:0
end_of_record
TN:
SF:src/state/issues/IssuesActions.ts
FNF:0
FNH:0
DA:6,2
DA:10,2
DA:12,2
DA:16,2
DA:20,2
DA:24,2
DA:28,2
DA:32,2
DA:36,2
DA:40,2
LF:10
LH:10
BRF:0
BRH:0
end_of_record
TN:
SF:src/state/issues/IssuesConstants.ts
FNF:0
FNH:0
DA:1,2
LF:1
LH:1
BRF:0
BRH:0
end_of_record
TN:
SF:src/state/issues/IssuesSelectors.ts
FN:3,(anonymous_0)
FN:5,(anonymous_1)
FN:7,(anonymous_2)
FN:10,(anonymous_3)
FN:13,(anonymous_4)
FN:16,(anonymous_5)
FNF:6
FNH:0
FNDA:0,(anonymous_0)
FNDA:0,(anonymous_1)
FNDA:0,(anonymous_2)
FNDA:0,(anonymous_3)
FNDA:0,(anonymous_4)
FNDA:0,(anonymous_5)
DA:3,2
DA:5,2
DA:7,2
DA:8,0
DA:10,2
DA:11,0
DA:13,2
DA:14,0
DA:16,2
LF:9
LH:6
BRF:0
BRH:0
end_of_record
TN:
SF:src/state/messages/MessagesActions.ts
FNF:0
FNH:0
DA:4,2
DA:8,2
LF:2
LH:2
BRF:0
BRH:0
end_of_record
TN:
SF:src/state/messages/MessagesConstants.ts
FNF:0
FNH:0
DA:1,2
LF:1
LH:1
BRF:0
BRH:0
end_of_record
TN:
SF:src/state/messages/MessagesSelectors.ts
FN:3,(anonymous_0)
FNF:1
FNH:0
FNDA:0,(anonymous_0)
DA:3,2
LF:1
LH:1
BRF:0
BRH:0
end_of_record
TN:
SF:src/state/repo/repoActions.ts
FNF:0
FNH:0
DA:4,2
DA:6,2
DA:8,2
DA:10,2
LF:4
LH:4
BRF:0
BRH:0
end_of_record
TN:
SF:src/state/repo/repoConstants.ts
FNF:0
FNH:0
DA:1,2
LF:1
LH:1
BRF:0
BRH:0
end_of_record
TN:
SF:src/state/repo/repoSelectors.ts
FN:3,(anonymous_0)
FN:5,(anonymous_1)
FNF:2
FNH:0
FNDA:0,(anonymous_0)
FNDA:0,(anonymous_1)
DA:3,2
DA:5,2
LF:2
LH:2
BRF:0
BRH:0
end_of_record
TN:
SF:src/state/ui/UIActions.ts
FNF:0
FNH:0
DA:4,2
LF:1
LH:1
BRF:0
BRH:0
end_of_record
TN:
SF:src/state/ui/UIConstants.ts
FNF:0
FNH:0
DA:1,2
LF:1
LH:1
BRF:0
BRH:0
end_of_record
TN:
SF:src/state/ui/UISelectors.ts
FN:3,(anonymous_0)
FNF:1
FNH:0
FNDA:0,(anonymous_0)
DA:3,2
DA:4,0
LF:2
LH:1
BRF:0
BRH:0
end_of_record
TN:
SF:src/utils/constants.ts
FNF:0
FNH:0
LF:0
LH:0
BRF:0
BRH:0
end_of_record
TN:
SF:src/utils/index.ts
FNF:0
FNH:0
LF:0
LH:0
BRF:0
BRH:0
end_of_record
